[2020Aug06 16:24:30,382][INFO ][1596747036407][InvokeService ConsultaEstadoIMEI.java:75][Inicio invocación de WSConsultaEstadoIMEI]
[2020Aug06 16:24:30,389][INFO ][1596747036407][InvokeService ConsultaEstadoIMEI.java:76][Channel: feuatc]
[2020Aug06 16:24:30,390][INFO ][1596747036407][InvokeService ConsultaEstadoIMEI.java:77][User: feuatc]
[2020Aug06 16:24:30,392][INFO ][1596747036407][InvokeService ConsultaEstadoIMEI.java:78][IMEI: 04123564897604]
[2020Aug06 16:24:30,408][INFO ][1596747036407][InvokeService ConsultaEstadoIMEI.java:95][Conexion con la base de datos Exitosa]
[2020Aug06 16:24:30,428][INFO ][1596747036407][InvokeService ConsultaEstadoIMEI.java:132][Consulta Exitosa. Estado: 3]
[2020Aug06 16:24:32,814][INFO ][1596747038859][InvokeService ConsultaEstadoIMEI.java:75][Inicio invocación de WSConsultaEstadoIMEI]
[2020Aug06 16:24:32,816][INFO ][1596747038859][InvokeService ConsultaEstadoIMEI.java:76][Channel: feuatc]
[2020Aug06 16:24:32,818][INFO ][1596747038859][InvokeService ConsultaEstadoIMEI.java:77][User: feuatc]
[2020Aug06 16:24:32,820][INFO ][1596747038859][InvokeService ConsultaEstadoIMEI.java:78][IMEI: 04123564897604]
[2020Aug06 16:24:32,828][INFO ][1596747038859][InvokeService ConsultaEstadoIMEI.java:95][Conexion con la base de datos Exitosa]
[2020Aug06 16:24:32,842][INFO ][1596747038859][InvokeService ConsultaEstadoIMEI.java:132][Consulta Exitosa. Estado: 3]
[2020Aug06 16:24:36,079][INFO ][1596747042123][InvokeService ConsultaEstadoIMEI.java:75][Inicio invocación de WSConsultaEstadoIMEI]
[2020Aug06 16:24:36,081][INFO ][1596747042123][InvokeService ConsultaEstadoIMEI.java:76][Channel: feuatc]
[2020Aug06 16:24:36,083][INFO ][1596747042123][InvokeService ConsultaEstadoIMEI.java:77][User: feuatc]
[2020Aug06 16:24:36,085][INFO ][1596747042123][InvokeService ConsultaEstadoIMEI.java:78][IMEI: 04123564897604]
[2020Aug06 16:24:36,093][INFO ][1596747042123][InvokeService ConsultaEstadoIMEI.java:95][Conexion con la base de datos Exitosa]
[2020Aug06 16:24:36,108][INFO ][1596747042123][InvokeService ConsultaEstadoIMEI.java:132][Consulta Exitosa. Estado: 3]
[2020Aug06 16:32:07,814][INFO ][1596747493844][InvokeService ConsultaEstadoIMEI.java:75][Inicio invocación de WSConsultaEstadoIMEI]
[2020Aug06 16:32:07,817][INFO ][1596747493844][InvokeService ConsultaEstadoIMEI.java:76][Channel: feuatc]
[2020Aug06 16:32:07,819][INFO ][1596747493844][InvokeService ConsultaEstadoIMEI.java:77][User: feuatc]
[2020Aug06 16:32:07,820][INFO ][1596747493844][InvokeService ConsultaEstadoIMEI.java:78][IMEI: 04125834907654]
[2020Aug06 16:32:07,829][INFO ][1596747493844][InvokeService ConsultaEstadoIMEI.java:95][Conexion con la base de datos Exitosa]
[2020Aug06 16:32:07,843][INFO ][1596747493844][InvokeService ConsultaEstadoIMEI.java:132][Consulta Exitosa. Estado: 3]
[2020Aug06 16:32:48,426][INFO ][1596747534452][InvokeService ConsultaEstadoIMEI.java:75][Inicio invocación de WSConsultaEstadoIMEI]
[2020Aug06 16:32:48,428][INFO ][1596747534452][InvokeService ConsultaEstadoIMEI.java:76][Channel: feuatc]
[2020Aug06 16:32:48,430][INFO ][1596747534452][InvokeService ConsultaEstadoIMEI.java:77][User: feuatc]
[2020Aug06 16:32:48,432][INFO ][1596747534452][InvokeService ConsultaEstadoIMEI.java:78][IMEI: 04128965430862]
[2020Aug06 16:32:48,440][INFO ][1596747534452][InvokeService ConsultaEstadoIMEI.java:95][Conexion con la base de datos Exitosa]
[2020Aug06 16:32:48,454][INFO ][1596747534452][InvokeService ConsultaEstadoIMEI.java:132][Consulta Exitosa. Estado: 3]
[2020Aug06 17:11:58,839][INFO ][1596749884822][InvokeService ConsultaEstadoIMEI.java:75][Inicio invocación de WSConsultaEstadoIMEI]
[2020Aug06 17:11:58,842][INFO ][1596749884822][InvokeService ConsultaEstadoIMEI.java:76][Channel: feuatc]
[2020Aug06 17:11:58,843][INFO ][1596749884822][InvokeService ConsultaEstadoIMEI.java:77][User: feuatc]
[2020Aug06 17:11:58,845][INFO ][1596749884822][InvokeService ConsultaEstadoIMEI.java:78][IMEI: 98765309875326]
[2020Aug06 17:11:58,853][INFO ][1596749884822][InvokeService ConsultaEstadoIMEI.java:95][Conexion con la base de datos Exitosa]
[2020Aug06 17:11:58,870][INFO ][1596749884822][InvokeService ConsultaEstadoIMEI.java:132][Consulta Exitosa. Estado: 3]
[2020Aug06 17:12:01,006][INFO ][1596749886997][InvokeService ConsultaEstadoIMEI.java:75][Inicio invocación de WSConsultaEstadoIMEI]
[2020Aug06 17:12:01,008][INFO ][1596749886997][InvokeService ConsultaEstadoIMEI.java:76][Channel: feuatc]
[2020Aug06 17:12:01,010][INFO ][1596749886997][InvokeService ConsultaEstadoIMEI.java:77][User: feuatc]
[2020Aug06 17:12:01,011][INFO ][1596749886997][InvokeService ConsultaEstadoIMEI.java:78][IMEI: 98765309875326]
[2020Aug06 17:12:01,020][INFO ][1596749886997][InvokeService ConsultaEstadoIMEI.java:95][Conexion con la base de datos Exitosa]
[2020Aug06 17:12:01,036][INFO ][1596749886997][InvokeService ConsultaEstadoIMEI.java:132][Consulta Exitosa. Estado: 3]
